#
# A fatal error has been detected by the Java Runtime Environment:
#
#  Internal Error (javaClasses.cpp:129), pid=3472, tid=5808
#  fatal error: Invalid layout of preloaded class
#
# JRE version: 7.0_21-b11
# Java VM: Java HotSpot(TM) 64-Bit Server VM (23.21-b01 mixed mode windows-amd64 compressed oops)
# Failed to write core dump. Minidumps are not enabled by default on client versions of Windows
#
# If you would like to submit a bug report, please visit:
#   http://bugreport.sun.com/bugreport/crash.jsp
#

---------------  T H R E A D  ---------------

Current thread (0x000000000270d800):  JavaThread "Unknown thread" [_thread_in_vm, id=5808, stack(0x0000000002710000,0x0000000002810000)]

Stack: [0x0000000002710000,0x0000000002810000]

---------------  P R O C E S S  ---------------

Java Threads: ( => current thread )

Other Threads:

=>0x000000000270d800 (exited) JavaThread "Unknown thread" [_thread_in_vm, id=5808, stack(0x0000000002710000,0x0000000002810000)]

VM state:not at safepoint (not fully initialized)

VM Mutex/Monitor currently owned by a thread: None

GC Heap History (0 events):
No events

Deoptimization events (0 events):
No events

Internal exceptions (0 events):
No events

Events (10 events):
Event: 0.009 loading class 0x0000000002861380 done
Event: 0.009 loading class 0x00000000028258c0 done
Event: 0.009 loading class 0x0000000002825770
Event: 0.009 loading class 0x000000000badeb20
Event: 0.009 loading class 0x000000000badeb20 done
Event: 0.009 loading class 0x000000000bade960
Event: 0.009 loading class 0x000000000bade960 done
Event: 0.009 loading class 0x00000000028b3130
Event: 0.009 loading class 0x00000000028b3130 done
Event: 0.009 loading class 0x0000000002825770 done


Dynamic libraries:
0x000007f70fe80000 - 0x000007f70feb3000 	C:\Program Files\Java\jre7\bin\javaw.exe
0x000007fe27830000 - 0x000007fe279f0000 	C:\Windows\SYSTEM32\ntdll.dll
0x000007fe27570000 - 0x000007fe276a6000 	C:\Windows\system32\KERNEL32.DLL
0x000007fe24830000 - 0x000007fe24923000 	C:\Windows\system32\KERNELBASE.dll
0x000007fe26560000 - 0x000007fe2663e000 	C:\Windows\system32\ADVAPI32.dll
0x000007fe26860000 - 0x000007fe269ac000 	C:\Windows\system32\USER32.dll
0x000007fe20f40000 - 0x000007fe211aa000 	C:\Windows\WinSxS\amd64_microsoft.windows.common-controls_6595b64144ccf1df_6.0.9200.16579_none_418ab7ef718b27ef\COMCTL32.dll
0x000007fe267b0000 - 0x000007fe26855000 	C:\Windows\system32\msvcrt.dll
0x000007fe272a0000 - 0x000007fe272e8000 	C:\Windows\SYSTEM32\sechost.dll
0x000007fe24ea0000 - 0x000007fe24fe5000 	C:\Windows\system32\RPCRT4.dll
0x000007fe26cb0000 - 0x000007fe26df1000 	C:\Windows\system32\GDI32.dll
0x000007fe262d0000 - 0x000007fe26309000 	C:\Windows\system32\IMM32.DLL
0x000007fe276b0000 - 0x000007fe277c6000 	C:\Windows\system32\MSCTF.dll
0x000000005dbb0000 - 0x000000005dc81000 	C:\Program Files\Java\jre7\bin\msvcr100.dll
0x000000005d480000 - 0x000000005dba1000 	C:\Program Files\Java\jre7\bin\server\jvm.dll
0x000007fe1e4b0000 - 0x000007fe1e4b9000 	C:\Windows\SYSTEM32\WSOCK32.dll
0x000007fe20b70000 - 0x000007fe20b90000 	C:\Windows\SYSTEM32\WINMM.dll
0x000007fe26a10000 - 0x000007fe26a17000 	C:\Windows\system32\PSAPI.DLL
0x000007fe277d0000 - 0x000007fe27828000 	C:\Windows\system32\WS2_32.dll
0x000007fe1e840000 - 0x000007fe1e873000 	C:\Windows\SYSTEM32\WINMMBASE.dll
0x000007fe26eb0000 - 0x000007fe26eb9000 	C:\Windows\system32\NSI.dll
0x000007fe247e0000 - 0x000007fe2482f000 	C:\Windows\SYSTEM32\cfgmgr32.dll
0x000007fe247b0000 - 0x000007fe247d2000 	C:\Windows\system32\DEVOBJ.dll
0x000000005d470000 - 0x000000005d47f000 	C:\Program Files\Java\jre7\bin\verify.dll
0x000000005d440000 - 0x000000005d468000 	C:\Program Files\Java\jre7\bin\java.dll
0x000000005d420000 - 0x000000005d435000 	C:\Program Files\Java\jre7\bin\zip.dll

VM Arguments:
jvm_args: -Dfile.encoding=Cp1252 -Xbootclasspath:C:\Users\Alexander\android-sdks\platforms\android-17\android.jar 
java_command: org.eclipse.jdt.internal.junit.runner.RemoteTestRunner -version 3 -port 59201 -testLoaderClass org.eclipse.jdt.internal.junit.runner.junit3.JUnit3TestLoader -loaderpluginname org.eclipse.jdt.junit.runtime -classNames com.example.taskslist.TasksAdapterTest
Launcher Type: SUN_STANDARD

Environment Variables:
PATH=C:\Windows\system32;C:\Windows;C:\Windows\System32\Wbem;C:\Windows\System32\WindowsPowerShell\v1.0\
USERNAME=Alexander
OS=Windows_NT
PROCESSOR_IDENTIFIER=Intel64 Family 6 Model 58 Stepping 9, GenuineIntel



---------------  S Y S T E M  ---------------

OS: Windows 8 , 64 bit Build 9200 

CPU:total 8 (4 cores per cpu, 2 threads per core) family 6 model 58 stepping 9, cmov, cx8, fxsr, mmx, sse, sse2, sse3, ssse3, sse4.1, sse4.2, popcnt, avx, ht, tsc, tscinvbit, tscinv

Memory: 4k page, physical 8281820k(4692172k free), swap 9527004k(4685772k free)

vm_info: Java HotSpot(TM) 64-Bit Server VM (23.21-b01) for windows-amd64 JRE (1.7.0_21-b11), built on Apr  4 2013 08:11:28 by "java_re" with unknown MS VC++:1600

time: Mon Feb 10 16:41:42 2014
elapsed time: 0 seconds

